<?xml version="1.0" encoding="UTF-8"?>
<testsuite xmlns:xsi="http://www.w3.org/2001/XMLSchema-instance" xsi:noNamespaceSchemaLocation="https://maven.apache.org/surefire/maven-surefire-plugin/xsd/surefire-test-report.xsd" name="fr.umlv.java.inside.lab5.StringSwitchExampleTests" time="0.028" tests="2" errors="0" skipped="0" failures="0">
  <properties>
[...]
</properties>
  <testcase name="testNull" classname="fr.umlv.java.inside.lab5.StringSwitchExampleTests" time="0.018"/>
  <testcase name="teststringSwitch" classname="fr.umlv.java.inside.lab5.StringSwitchExampleTests" time="0.004"/>
</testsuite>